2024-11-16 20:43:03.521 [info] Extension host with pid 5484 started
2024-11-16 20:43:03.557 [info] Lock '/home/madiazd/.vscode-server/data/User/workspaceStorage/c3c84bd3fc83270a9cecae2f4183522e/vscode.lock': Lock acquired.
2024-11-16 20:43:03.589 [info] ExtensionService#_doActivateExtension vscode.git-base, startup: true, activationEvent: '*', root cause: vscode.git
2024-11-16 20:43:03.640 [info] ExtensionService#_doActivateExtension vscode.git, startup: true, activationEvent: '*'
2024-11-16 20:43:03.640 [info] ExtensionService#_doActivateExtension vscode.github, startup: true, activationEvent: '*'
2024-11-16 20:43:03.839 [info] Eager extensions activated
2024-11-16 20:43:03.839 [info] ExtensionService#_doActivateExtension vscode.debug-auto-launch, startup: false, activationEvent: 'onStartupFinished'
2024-11-16 20:43:03.840 [info] ExtensionService#_doActivateExtension vscode.merge-conflict, startup: false, activationEvent: 'onStartupFinished'
2024-11-16 20:43:03.841 [info] ExtensionService#_doActivateExtension ritwickdey.LiveServer, startup: false, activationEvent: 'onStartupFinished'
2024-11-16 20:43:05.561 [info] ExtensionService#_doActivateExtension vscode.html-language-features, startup: false, activationEvent: 'onLanguage:html'
2024-11-16 20:43:05.561 [info] ExtensionService#_doActivateExtension vscode.emmet, startup: false, activationEvent: 'onLanguage'
2024-11-16 20:43:12.257 [info] ExtensionService#_doActivateExtension vscode.tunnel-forwarding, startup: false, activationEvent: 'onTunnel'
2024-11-16 22:23:28.469 [warning] [Decorations] CAPPING events from decorations provider vscode.git 8535
2024-11-16 22:23:29.175 [warning] [Decorations] CAPPING events from decorations provider vscode.git 8535
2024-11-16 23:20:10.479 [warning] [Decorations] CAPPING events from decorations provider vscode.git 8536
2024-11-16 23:20:15.609 [warning] [Decorations] CAPPING events from decorations provider vscode.git 8535
2024-11-16 23:20:20.704 [warning] [Decorations] CAPPING events from decorations provider vscode.git 8535
2024-11-16 23:20:25.821 [warning] [Decorations] CAPPING events from decorations provider vscode.git 8535
2024-11-16 23:20:30.921 [warning] [Decorations] CAPPING events from decorations provider vscode.git 8537
2024-11-16 23:20:36.043 [warning] [Decorations] CAPPING events from decorations provider vscode.git 8537
